[TRACE] [2020-03-30 11:46:36] HikariDataSource (HikariPool-2)
[TRACE] [2020-03-30 11:46:36] HikariProxyConnection@1949911169 wrapping com.mysql.jdbc.JDBC4Connection@34f0d878
[TRACE] [2020-03-31 10:46:27] HikariDataSource (HikariPool-1)
[TRACE] [2020-03-31 10:46:27] HikariProxyConnection@1624797474 wrapping com.mysql.jdbc.JDBC4Connection@29f0ff16
[DEBUG] [2020-03-31 10:46:27] testOpenSession()
[DEBUG] [2020-03-31 10:46:28] session org.apache.ibatis.session.defaults.DefaultSqlSession@243ae152
[DEBUG] [2020-03-31 10:46:28] test01SelectStudentByNo()
[DEBUG] [2020-03-31 10:46:28] ==>  Preparing: select stud_id as studId, name, email, dob, phone from students where stud_id = ? 
[DEBUG] [2020-03-31 10:46:28] ==> Parameters: 1(Integer)
[TRACE] [2020-03-31 10:46:28] <==    Columns: studId, name, email, dob, phone
[TRACE] [2020-03-31 10:46:28] <==        Row: 1, Timothy, timothy@gmail.com, 1988-04-25, 123-123-1234
[DEBUG] [2020-03-31 10:46:28] <==      Total: 1
[DEBUG] [2020-03-31 10:46:28] Student [studId=1, name=Timothy, email=timothy@gmail.com, phone=null, dob=Mon Apr 25 00:00:00 EDT 1988]
[DEBUG] [2020-03-31 10:48:00] test01SelectStudentByNo()
[DEBUG] [2020-03-31 10:48:00] ==>  Preparing: select stud_id as studId, name, email, dob, phone from students where stud_id = ? 
[DEBUG] [2020-03-31 10:48:00] ==> Parameters: 1(Integer)
[TRACE] [2020-03-31 10:48:00] <==    Columns: studId, name, email, dob, phone
[TRACE] [2020-03-31 10:48:00] <==        Row: 1, Timothy, timothy@gmail.com, 1988-04-25, 123-123-1234
[DEBUG] [2020-03-31 10:48:00] <==      Total: 1
[DEBUG] [2020-03-31 10:48:00] Student [studId=1, name=Timothy, email=timothy@gmail.com, phone=null, dob=Mon Apr 25 00:00:00 EDT 1988]
[TRACE] [2020-03-31 11:21:49] HikariDataSource (HikariPool-1)
[TRACE] [2020-03-31 11:21:49] HikariProxyConnection@1624797474 wrapping com.mysql.jdbc.JDBC4Connection@29f0ff16
[DEBUG] [2020-03-31 11:21:49] testOpenSession()
[DEBUG] [2020-03-31 11:21:50] session org.apache.ibatis.session.defaults.DefaultSqlSession@8a9e4bf
[DEBUG] [2020-03-31 11:21:50] test01SelectStudentByNo()
[DEBUG] [2020-03-31 11:21:50] ==>  Preparing: select stud_id as studId, name, email, dob, phone from students where stud_id = ? 
[DEBUG] [2020-03-31 11:21:50] ==> Parameters: 1(Integer)
[TRACE] [2020-03-31 11:21:50] <==    Columns: studId, name, email, dob, phone
[TRACE] [2020-03-31 11:21:50] <==        Row: 1, Timothy, timothy@gmail.com, 1988-04-25, 123-123-1234
[DEBUG] [2020-03-31 11:21:50] <==      Total: 1
[DEBUG] [2020-03-31 11:21:50] Student [studId=1, name=Timothy, email=timothy@gmail.com, phone=null, dob=Mon Apr 25 00:00:00 EDT 1988]
[DEBUG] [2020-03-31 11:21:50] test02selectStudentByNoWithResultMap()
[DEBUG] [2020-03-31 11:25:00] test01SelectStudentByNo()
[DEBUG] [2020-03-31 11:25:00] ==>  Preparing: select stud_id as studId, name, email, dob, phone from students where stud_id = ? 
[DEBUG] [2020-03-31 11:25:00] ==> Parameters: 1(Integer)
[TRACE] [2020-03-31 11:25:00] <==    Columns: studId, name, email, dob, phone
[TRACE] [2020-03-31 11:25:00] <==        Row: 1, Timothy, timothy@gmail.com, 1988-04-25, 123-123-1234
[DEBUG] [2020-03-31 11:25:00] <==      Total: 1
[DEBUG] [2020-03-31 11:25:00] Student [studId=1, name=Timothy, email=timothy@gmail.com, phone=null, dob=Mon Apr 25 00:00:00 EDT 1988]
[DEBUG] [2020-03-31 11:25:00] test02selectStudentByNoWithResultMap()
[DEBUG] [2020-03-31 11:25:08] test01SelectStudentByNo()
[DEBUG] [2020-03-31 11:25:08] ==>  Preparing: select stud_id as studId, name, email, dob, phone from students where stud_id = ? 
[DEBUG] [2020-03-31 11:25:08] ==> Parameters: 1(Integer)
[TRACE] [2020-03-31 11:25:08] <==    Columns: studId, name, email, dob, phone
[TRACE] [2020-03-31 11:25:08] <==        Row: 1, Timothy, timothy@gmail.com, 1988-04-25, 123-123-1234
[DEBUG] [2020-03-31 11:25:08] <==      Total: 1
[DEBUG] [2020-03-31 11:25:08] Student [studId=1, name=Timothy, email=timothy@gmail.com, phone=null, dob=Mon Apr 25 00:00:00 EDT 1988]
[DEBUG] [2020-03-31 11:25:08] test02selectStudentByNoWithResultMap()
[TRACE] [2020-03-31 11:25:08] HikariDataSource (HikariPool-2)
[TRACE] [2020-03-31 11:25:08] HikariProxyConnection@1797395598 wrapping com.mysql.jdbc.JDBC4Connection@464c1da0
[DEBUG] [2020-03-31 11:25:08] testOpenSession()
[DEBUG] [2020-03-31 11:25:08] session org.apache.ibatis.session.defaults.DefaultSqlSession@698bf8a9
[DEBUG] [2020-03-31 11:26:25] test01SelectStudentByNo()
[DEBUG] [2020-03-31 11:26:25] ==>  Preparing: select stud_id as studId, name, email, dob, phone from students where stud_id = ? 
[DEBUG] [2020-03-31 11:26:25] ==> Parameters: 1(Integer)
[TRACE] [2020-03-31 11:26:25] <==    Columns: studId, name, email, dob, phone
[TRACE] [2020-03-31 11:26:25] <==        Row: 1, Timothy, timothy@gmail.com, 1988-04-25, 123-123-1234
[DEBUG] [2020-03-31 11:26:25] <==      Total: 1
[DEBUG] [2020-03-31 11:26:25] Student [studId=1, name=Timothy, email=timothy@gmail.com, phone=null, dob=Mon Apr 25 00:00:00 EDT 1988]
[DEBUG] [2020-03-31 11:26:25] test02selectStudentByNoWithResultMap()
[DEBUG] [2020-03-31 11:26:25] ==>  Preparing: select stud_id, name, email, dob, phone substring(phone, 1, 3) as f, substring(phone, 5, 3) as m, substring(phone, 9, 4) as l, from students where stud_id=? 
[DEBUG] [2020-03-31 11:26:25] ==> Parameters: 1(Integer)
[DEBUG] [2020-03-31 11:26:33] test01SelectStudentByNo()
[DEBUG] [2020-03-31 11:26:33] ==>  Preparing: select stud_id as studId, name, email, dob, phone from students where stud_id = ? 
[DEBUG] [2020-03-31 11:26:33] ==> Parameters: 1(Integer)
[TRACE] [2020-03-31 11:26:33] <==    Columns: studId, name, email, dob, phone
[TRACE] [2020-03-31 11:26:33] <==        Row: 1, Timothy, timothy@gmail.com, 1988-04-25, 123-123-1234
[DEBUG] [2020-03-31 11:26:33] <==      Total: 1
[DEBUG] [2020-03-31 11:26:33] Student [studId=1, name=Timothy, email=timothy@gmail.com, phone=null, dob=Mon Apr 25 00:00:00 EDT 1988]
[DEBUG] [2020-03-31 11:26:33] test02selectStudentByNoWithResultMap()
[DEBUG] [2020-03-31 11:26:33] ==>  Preparing: select stud_id, name, email, dob, phone substring(phone, 1, 3) as f, substring(phone, 5, 3) as m, substring(phone, 9, 4) as l, from students where stud_id=? 
[DEBUG] [2020-03-31 11:26:33] ==> Parameters: 1(Integer)
[TRACE] [2020-03-31 11:26:33] HikariDataSource (HikariPool-2)
[TRACE] [2020-03-31 11:26:33] HikariProxyConnection@94955422 wrapping com.mysql.jdbc.JDBC4Connection@c9949c9
[DEBUG] [2020-03-31 11:26:33] testOpenSession()
[DEBUG] [2020-03-31 11:26:33] session org.apache.ibatis.session.defaults.DefaultSqlSession@28f1f3f2
[DEBUG] [2020-03-31 11:28:11] test01SelectStudentByNo()
[DEBUG] [2020-03-31 11:28:11] ==>  Preparing: select stud_id as studId, name, email, dob, phone from students where stud_id = ? 
[DEBUG] [2020-03-31 11:28:11] ==> Parameters: 1(Integer)
[TRACE] [2020-03-31 11:28:11] <==    Columns: studId, name, email, dob, phone
[TRACE] [2020-03-31 11:28:11] <==        Row: 1, Timothy, timothy@gmail.com, 1988-04-25, 123-123-1234
[DEBUG] [2020-03-31 11:28:11] <==      Total: 1
[DEBUG] [2020-03-31 11:28:11] Student [studId=1, name=Timothy, email=timothy@gmail.com, phone=null, dob=Mon Apr 25 00:00:00 EDT 1988]
[DEBUG] [2020-03-31 11:28:11] test02selectStudentByNoWithResultMap()
[DEBUG] [2020-03-31 11:28:11] ==>  Preparing: select stud_id, name, email, dob, phone substring(phone, 1, 3) as f, substring(phone, 5, 3) as m, substring(phone, 9, 4) as l, from students where stud_id=? 
[DEBUG] [2020-03-31 11:28:11] ==> Parameters: 1(Integer)
[DEBUG] [2020-03-31 11:28:17] test01SelectStudentByNo()
[DEBUG] [2020-03-31 11:28:17] ==>  Preparing: select stud_id as studId, name, email, dob, phone from students where stud_id = ? 
[DEBUG] [2020-03-31 11:28:17] ==> Parameters: 1(Integer)
[TRACE] [2020-03-31 11:28:17] <==    Columns: studId, name, email, dob, phone
[TRACE] [2020-03-31 11:28:17] <==        Row: 1, Timothy, timothy@gmail.com, 1988-04-25, 123-123-1234
[DEBUG] [2020-03-31 11:28:17] <==      Total: 1
[DEBUG] [2020-03-31 11:28:17] Student [studId=1, name=Timothy, email=timothy@gmail.com, phone=null, dob=Mon Apr 25 00:00:00 EDT 1988]
[DEBUG] [2020-03-31 11:28:17] test02selectStudentByNoWithResultMap()
[DEBUG] [2020-03-31 11:28:17] ==>  Preparing: select stud_id, name, email, dob, phone substring(phone, 1, 3) as f, substring(phone, 5, 3) as m, substring(phone, 9, 4) as l, from students where stud_id=? 
[DEBUG] [2020-03-31 11:28:17] ==> Parameters: 1(Integer)
[TRACE] [2020-03-31 11:28:17] HikariDataSource (HikariPool-2)
[TRACE] [2020-03-31 11:28:17] HikariProxyConnection@94955422 wrapping com.mysql.jdbc.JDBC4Connection@c9949c9
[DEBUG] [2020-03-31 11:28:17] testOpenSession()
[DEBUG] [2020-03-31 11:28:17] session org.apache.ibatis.session.defaults.DefaultSqlSession@28f1f3f2
[DEBUG] [2020-03-31 11:30:04] test01SelectStudentByNo()
[DEBUG] [2020-03-31 11:30:04] ==>  Preparing: select stud_id as studId, name, email, dob, phone from students where stud_id = ? 
[DEBUG] [2020-03-31 11:30:04] ==> Parameters: 1(Integer)
[TRACE] [2020-03-31 11:30:04] <==    Columns: studId, name, email, dob, phone
[TRACE] [2020-03-31 11:30:04] <==        Row: 1, Timothy, timothy@gmail.com, 1988-04-25, 123-123-1234
[DEBUG] [2020-03-31 11:30:04] <==      Total: 1
[DEBUG] [2020-03-31 11:30:04] Student [studId=1, name=Timothy, email=timothy@gmail.com, phone=null, dob=Mon Apr 25 00:00:00 EDT 1988]
[DEBUG] [2020-03-31 11:30:04] test02selectStudentByNoWithResultMap()
[DEBUG] [2020-03-31 11:30:04] ==>  Preparing: select stud_id, name, email, dob, phone, substring(phone, 1, 3) as f, substring(phone, 5, 3) as m, substring(phone, 9, 4) as l from students where stud_id=? 
[DEBUG] [2020-03-31 11:30:04] ==> Parameters: 1(Integer)
[TRACE] [2020-03-31 11:30:04] <==    Columns: stud_id, name, email, dob, phone, f, m, l
[TRACE] [2020-03-31 11:30:04] <==        Row: 1, Timothy, timothy@gmail.com, 1988-04-25, 123-123-1234, 123, 123, 1234
[DEBUG] [2020-03-31 11:30:04] <==      Total: 1
[DEBUG] [2020-03-31 11:30:04] Student [studId=1, name=Timothy, email=timothy@gmail.com, phone=PhoneNumber [contryCode=123, stateCode=123, number=1234], dob=Mon Apr 25 00:00:00 EDT 1988]
[TRACE] [2020-03-31 11:30:04] HikariDataSource (HikariPool-2)
[TRACE] [2020-03-31 11:30:04] HikariProxyConnection@976592457 wrapping com.mysql.jdbc.JDBC4Connection@18e3ec7
[DEBUG] [2020-03-31 11:30:04] testOpenSession()
[DEBUG] [2020-03-31 11:30:04] session org.apache.ibatis.session.defaults.DefaultSqlSession@626a32df
